Using pre-set license
Built from '2020.3/release' branch; Version is '2020.3.2f1 (8fd9074bf66c) revision 9427207'; Using compiler version '192528614'; Build Type 'Release'
OS: 'Windows 10 Home; OS build 19042.928; Version 2009; 64bit' Language: 'es' Physical Memory: 16263 MB
BatchMode: 1, IsHumanControllingUs: 0, StartBugReporterOnCrash: 0, Is64bit: 1, IsPro: 0

 COMMAND LINE ARGUMENTS:
C:\Program Files\Unity\Hub\Editor\2020.3.2f1\Editor\Unity.exe
-adb2
-batchMode
-noUpm
-name
AssetImportWorker0
-projectPath
D:/ReciclajeDrilo/Reciclaje
-logFile
Logs/AssetImportWorker0.log
-srvPort
54230
Successfully changed project path to: D:/ReciclajeDrilo/Reciclaje
D:/ReciclajeDrilo/Reciclaje
Using Asset Import Pipeline V2.
Refreshing native plugins compatible for Editor in 27.37 ms, found 0 plugins.
Preloading 0 native plugins for Editor in 0.00 ms.
Initialize engine version: 2020.3.2f1 (8fd9074bf66c)
[Subsystems] Discovering subsystems at path C:/Program Files/Unity/Hub/Editor/2020.3.2f1/Editor/Data/Resources/UnitySubsystems
[Subsystems] Discovering subsystems at path D:/ReciclajeDrilo/Reciclaje/Assets
GfxDevice: creating device client; threaded=0
Direct3D:
    Version:  Direct3D 11.0 [level 11.1]
    Renderer: NVIDIA GeForce GTX 1650 (ID=0x1f91)
    Vendor:   
    VRAM:     3962 MB
    Driver:   27.21.14.5751
Initialize mono
Mono path[0] = 'C:/Program Files/Unity/Hub/Editor/2020.3.2f1/Editor/Data/Managed'
Mono path[1] = 'C:/Program Files/Unity/Hub/Editor/2020.3.2f1/Editor/Data/MonoBleedingEdge/lib/mono/unityjit'
Mono config path = 'C:/Program Files/Unity/Hub/Editor/2020.3.2f1/Editor/Data/MonoBleedingEdge/etc'
Using monoOptions --debugger-agent=transport=dt_socket,embedding=1,server=y,suspend=n,address=127.0.0.1:56524
Begin MonoManager ReloadAssembly
Registering precompiled unity dll's ...
Register platform support module: C:/Program Files/Unity/Hub/Editor/2020.3.2f1/Editor/Data/PlaybackEngines/WindowsStandaloneSupport/UnityEditor.WindowsStandalone.Extensions.dll
Registered in 0.001915 seconds.
Native extension for WindowsStandalone target not found
Refreshing native plugins compatible for Editor in 25.92 ms, found 0 plugins.
Preloading 0 native plugins for Editor in 0.00 ms.
Invoked RoslynAnalysisRunner static constructor.
RoslynAnalysisRunner will not be running.
RoslynAnalysisRunner has terminated.
Mono: successfully reloaded assembly
- Completed reload, in  1.579 seconds
Platform modules already initialized, skipping
Registering precompiled user dll's ...
Registered in 0.000699 seconds.
Begin MonoManager ReloadAssembly
Native extension for WindowsStandalone target not found
Refreshing native plugins compatible for Editor in 0.27 ms, found 0 plugins.
Preloading 0 native plugins for Editor in 0.00 ms.
Invoked RoslynAnalysisRunner static constructor.
RoslynAnalysisRunner will not be running.
RoslynAnalysisRunner has terminated.
Mono: successfully reloaded assembly
- Completed reload, in  0.698 seconds
Platform modules already initialized, skipping
========================================================================
Worker process is ready to serve import requests
Launched and connected shader compiler UnityShaderCompiler.exe after 0.05 seconds
Refreshing native plugins compatible for Editor in 0.28 ms, found 0 plugins.
Preloading 0 native plugins for Editor in 0.00 ms.
Unloading 1188 Unused Serialized files (Serialized files now loaded: 0)
System memory in use before: 132.4 MB.
System memory in use after: 132.5 MB.

Unloading 11 unused Assets to reduce memory usage. Loaded Objects now: 1633.
Total: 1.607900 ms (FindLiveObjects: 0.128800 ms CreateObjectMapping: 0.053000 ms MarkObjects: 1.344100 ms  DeleteObjects: 0.081000 ms)

========================================================================
Received Import Request.
  path: Assets/Fonts/Skater Girls Rock.ttf
  artifactKey: Guid(fa062d5fec3e95147ac9ca478f73b745) Importer(815301076,1909f56bfc062723c751e8b465ee728b)
Start importing Assets/Fonts/Skater Girls Rock.ttf using Guid(fa062d5fec3e95147ac9ca478f73b745) Importer(815301076,1909f56bfc062723c751e8b465ee728b)  -> (artifact id: 'ab0a9152297ec5c9679fb66ddef3b4a1') in 0.148447 seconds
  Import took 0.150382 seconds .

========================================================================
Received Import Request.
  Time since last request: 0.000315 seconds.
  path: Assets/Fonts
  artifactKey: Guid(a3d9ca3ce9f9cb744bb19879b1965567) Importer(815301076,1909f56bfc062723c751e8b465ee728b)
Start importing Assets/Fonts using Guid(a3d9ca3ce9f9cb744bb19879b1965567) Importer(815301076,1909f56bfc062723c751e8b465ee728b)  -> (artifact id: 'fb6ebef8f5a7c9a2fcf2d30f3dcba2bb') in 0.004591 seconds
  Import took 0.006147 seconds .

========================================================================
Received Import Request.
  Time since last request: 103.602829 seconds.
  path: Assets/Fonts/pingwing.ttf
  artifactKey: Guid(16a07f10263bf1241b56f3e438ff8f64) Importer(815301076,1909f56bfc062723c751e8b465ee728b)
Start importing Assets/Fonts/pingwing.ttf using Guid(16a07f10263bf1241b56f3e438ff8f64) Importer(815301076,1909f56bfc062723c751e8b465ee728b)  -> (artifact id: 'ee336aca10c8dfa8e0a4f32d24f51c2f') in 0.116793 seconds
  Import took 0.119809 seconds .

========================================================================
Received Import Request.
  Time since last request: 354.644126 seconds.
  path: Assets/Sprites/UI/Clap.jpg
  artifactKey: Guid(76ee6a47994f6df4f9127ddfb04a89de) Importer(815301076,1909f56bfc062723c751e8b465ee728b)
Start importing Assets/Sprites/UI/Clap.jpg using Guid(76ee6a47994f6df4f9127ddfb04a89de) Importer(815301076,1909f56bfc062723c751e8b465ee728b)  -> (artifact id: '4823c60b9021b601198aea9b66cd981a') in 0.038554 seconds
  Import took 0.040485 seconds .

========================================================================
Received Import Request.
  Time since last request: 0.005223 seconds.
  path: Assets/Sprites/UI/Clap.jpg
  artifactKey: Guid(76ee6a47994f6df4f9127ddfb04a89de) Importer(815301076,1909f56bfc062723c751e8b465ee728b)
Start importing Assets/Sprites/UI/Clap.jpg using Guid(76ee6a47994f6df4f9127ddfb04a89de) Importer(815301076,1909f56bfc062723c751e8b465ee728b)  -> (artifact id: '4823c60b9021b601198aea9b66cd981a') in 0.056550 seconds
  Import took 0.058399 seconds .

========================================================================
Received Prepare
Refreshing native plugins compatible for Editor in 0.88 ms, found 0 plugins.
Preloading 0 native plugins for Editor in 0.00 ms.
Unloading 5 Unused Serialized files (Serialized files now loaded: 0)
System memory in use before: 111.7 MB.
System memory in use after: 111.8 MB.

Unloading 4 unused Assets to reduce memory usage. Loaded Objects now: 1679.
Total: 2.437200 ms (FindLiveObjects: 0.122900 ms CreateObjectMapping: 0.041800 ms MarkObjects: 2.259700 ms  DeleteObjects: 0.011900 ms)

AssetImportWorkerClient::OnTransportError - code=2 error=End of file
